#! /usr/bin/vvp
:ivl_version "12.0 (stable)";
:ivl_delay_selection "TYPICAL";
:vpi_time_precision - 12;
:vpi_module "/usr/lib/x86_64-linux-gnu/ivl/system.vpi";
:vpi_module "/usr/lib/x86_64-linux-gnu/ivl/vhdl_sys.vpi";
:vpi_module "/usr/lib/x86_64-linux-gnu/ivl/vhdl_textio.vpi";
:vpi_module "/usr/lib/x86_64-linux-gnu/ivl/v2005_math.vpi";
:vpi_module "/usr/lib/x86_64-linux-gnu/ivl/va_math.vpi";
S_0x55d17ed465e0 .scope module, "tb_and" "tb_and" 2 2;
 .timescale -9 -12;
v0x55d17ed567c0_0 .net "a", 0 0, L_0x55d17ed56a60;  1 drivers
v0x55d17ed56890_0 .var "x", 0 0;
v0x55d17ed56960_0 .var "y", 0 0;
S_0x55d17ed46770 .scope module, "or1" "Cor" 2 8, 3 1 0, S_0x55d17ed465e0;
 .timescale -9 -12;
    .port_info 0 /INPUT 1 "x";
    .port_info 1 /INPUT 1 "y";
    .port_info 2 /OUTPUT 1 "a";
L_0x55d17ed56a60 .functor OR 1, v0x55d17ed56890_0, v0x55d17ed56960_0, C4<0>, C4<0>;
v0x55d17ed32e50_0 .net "a", 0 0, L_0x55d17ed56a60;  alias, 1 drivers
v0x55d17ed565e0_0 .net "x", 0 0, v0x55d17ed56890_0;  1 drivers
v0x55d17ed566a0_0 .net "y", 0 0, v0x55d17ed56960_0;  1 drivers
    .scope S_0x55d17ed465e0;
T_0 ;
    %vpi_call 2 14 "$dumpfile", "and.vcd" {0 0 0};
    %vpi_call 2 15 "$dumpvars", 32'sb00000000000000000000000000000000, S_0x55d17ed465e0 {0 0 0};
    %pushi/vec4 0, 0, 1;
    %store/vec4 v0x55d17ed56890_0, 0, 1;
    %pushi/vec4 0, 0, 1;
    %store/vec4 v0x55d17ed56960_0, 0, 1;
    %delay 5000, 0;
    %pushi/vec4 0, 0, 1;
    %store/vec4 v0x55d17ed56890_0, 0, 1;
    %pushi/vec4 1, 0, 1;
    %store/vec4 v0x55d17ed56960_0, 0, 1;
    %delay 5000, 0;
    %pushi/vec4 1, 0, 1;
    %store/vec4 v0x55d17ed56890_0, 0, 1;
    %pushi/vec4 0, 0, 1;
    %store/vec4 v0x55d17ed56960_0, 0, 1;
    %delay 5000, 0;
    %pushi/vec4 1, 0, 1;
    %store/vec4 v0x55d17ed56890_0, 0, 1;
    %pushi/vec4 1, 0, 1;
    %store/vec4 v0x55d17ed56960_0, 0, 1;
    %delay 5000, 0;
    %vpi_call 2 37 "$display", "x = %b, y = %b, a = %b", v0x55d17ed56890_0, v0x55d17ed56960_0, v0x55d17ed567c0_0 {0 0 0};
    %vpi_call 2 39 "$finish" {0 0 0};
    %end;
    .thread T_0;
# The file index is used to find the file name in the following table.
:file_names 4;
    "N/A";
    "<interactive>";
    "tb_and.v";
    "Cor.v";
