#! /usr/bin/vvp
:ivl_version "12.0 (stable)";
:ivl_delay_selection "TYPICAL";
:vpi_time_precision - 12;
:vpi_module "/usr/lib/x86_64-linux-gnu/ivl/system.vpi";
:vpi_module "/usr/lib/x86_64-linux-gnu/ivl/vhdl_sys.vpi";
:vpi_module "/usr/lib/x86_64-linux-gnu/ivl/vhdl_textio.vpi";
:vpi_module "/usr/lib/x86_64-linux-gnu/ivl/v2005_math.vpi";
:vpi_module "/usr/lib/x86_64-linux-gnu/ivl/va_math.vpi";
S_0x5649e876fb20 .scope module, "testbench_contador" "testbench_contador" 2 3;
 .timescale -9 -12;
v0x5649e8795df0_0 .var "clk", 0 0;
v0x5649e8795ec0_0 .net "count", 2 0, v0x5649e8795bf0_0;  1 drivers
v0x5649e8795f90_0 .var "rst", 0 0;
S_0x5649e8783550 .scope module, "contador_inst" "contador" 2 9, 3 1 0, S_0x5649e876fb20;
 .timescale 0 0;
    .port_info 0 /INPUT 1 "clk";
    .port_info 1 /INPUT 1 "rst";
    .port_info 2 /OUTPUT 3 "count";
v0x5649e87837a0_0 .net "clk", 0 0, v0x5649e8795df0_0;  1 drivers
v0x5649e8795bf0_0 .var "count", 2 0;
v0x5649e8795cd0_0 .net "rst", 0 0, v0x5649e8795f90_0;  1 drivers
E_0x5649e874a170 .event posedge, v0x5649e8795cd0_0, v0x5649e87837a0_0;
    .scope S_0x5649e8783550;
T_0 ;
    %wait E_0x5649e874a170;
    %load/vec4 v0x5649e8795cd0_0;
    %flag_set/vec4 8;
    %jmp/0xz  T_0.0, 8;
    %pushi/vec4 0, 0, 3;
    %assign/vec4 v0x5649e8795bf0_0, 0;
    %jmp T_0.1;
T_0.0 ;
    %load/vec4 v0x5649e8795bf0_0;
    %addi 1, 0, 3;
    %assign/vec4 v0x5649e8795bf0_0, 0;
T_0.1 ;
    %jmp T_0;
    .thread T_0;
    .scope S_0x5649e876fb20;
T_1 ;
    %delay 5000, 0;
    %load/vec4 v0x5649e8795df0_0;
    %inv;
    %store/vec4 v0x5649e8795df0_0, 0, 1;
    %jmp T_1;
    .thread T_1;
    .scope S_0x5649e876fb20;
T_2 ;
    %vpi_call 2 20 "$dumpfile", "contador.vcd" {0 0 0};
    %vpi_call 2 21 "$dumpvars", 32'sb00000000000000000000000000000000, S_0x5649e876fb20 {0 0 0};
    %pushi/vec4 0, 0, 1;
    %store/vec4 v0x5649e8795df0_0, 0, 1;
    %pushi/vec4 1, 0, 1;
    %store/vec4 v0x5649e8795f90_0, 0, 1;
    %delay 10000, 0;
    %pushi/vec4 0, 0, 1;
    %store/vec4 v0x5649e8795f90_0, 0, 1;
    %delay 20000, 0;
    %delay 100000, 0;
    %vpi_call 2 34 "$display", "Tiempo\011Valor del contador\011Reloj\011Reset" {0 0 0};
    %vpi_call 2 35 "$monitor", "%t\011%b\011\011\011%b\011%b", $time, v0x5649e8795ec0_0, v0x5649e8795df0_0, v0x5649e8795f90_0 {0 0 0};
    %vpi_call 2 37 "$finish" {0 0 0};
    %end;
    .thread T_2;
# The file index is used to find the file name in the following table.
:file_names 4;
    "N/A";
    "<interactive>";
    "testbench_contador.v";
    "contador.v";
