#! /usr/bin/vvp
:ivl_version "12.0 (stable)";
:ivl_delay_selection "TYPICAL";
:vpi_time_precision - 12;
:vpi_module "/usr/lib/x86_64-linux-gnu/ivl/system.vpi";
:vpi_module "/usr/lib/x86_64-linux-gnu/ivl/vhdl_sys.vpi";
:vpi_module "/usr/lib/x86_64-linux-gnu/ivl/vhdl_textio.vpi";
:vpi_module "/usr/lib/x86_64-linux-gnu/ivl/v2005_math.vpi";
:vpi_module "/usr/lib/x86_64-linux-gnu/ivl/va_math.vpi";
S_0x563d3d902df0 .scope module, "mi_modulo_tb" "mi_modulo_tb" 2 3;
 .timescale -9 -12;
v0x563d3d952fd0_0 .var "PI", 4 0;
v0x563d3d9530b0_0 .net "PO", 4 0, v0x563d3d952ae0_0;  1 drivers
v0x563d3d953180_0 .var "SI", 0 0;
v0x563d3d953280_0 .var "clk", 0 0;
v0x563d3d953350_0 .var "count", 4 0;
v0x563d3d953440_0 .var "rst", 0 0;
v0x563d3d9534e0_0 .var "sel", 1 0;
S_0x563d3d902f80 .scope module, "USR_inst" "USR" 2 12, 3 1 0, S_0x563d3d902df0;
 .timescale -9 -12;
    .port_info 0 /OUTPUT 5 "PO";
    .port_info 1 /INPUT 5 "PI";
    .port_info 2 /INPUT 2 "sel";
    .port_info 3 /INPUT 1 "clk";
    .port_info 4 /INPUT 1 "rst";
    .port_info 5 /INPUT 1 "SI";
v0x563d3d93e530_0 .net "PI", 4 0, v0x563d3d952fd0_0;  1 drivers
v0x563d3d952ae0_0 .var "PO", 4 0;
v0x563d3d952bc0_0 .net "SI", 0 0, v0x563d3d953180_0;  1 drivers
v0x563d3d952c60_0 .net "clk", 0 0, v0x563d3d953280_0;  1 drivers
v0x563d3d952d20_0 .net "rst", 0 0, v0x563d3d953440_0;  1 drivers
v0x563d3d952e30_0 .net "sel", 1 0, v0x563d3d9534e0_0;  1 drivers
E_0x563d3d93f130 .event posedge, v0x563d3d952c60_0;
    .scope S_0x563d3d902f80;
T_0 ;
    %wait E_0x563d3d93f130;
    %load/vec4 v0x563d3d952d20_0;
    %flag_set/vec4 8;
    %jmp/0xz  T_0.0, 8;
    %pushi/vec4 0, 0, 5;
    %assign/vec4 v0x563d3d952ae0_0, 0;
    %jmp T_0.1;
T_0.0 ;
    %load/vec4 v0x563d3d952e30_0;
    %dup/vec4;
    %pushi/vec4 0, 0, 2;
    %cmp/u;
    %jmp/1 T_0.2, 6;
    %dup/vec4;
    %pushi/vec4 1, 0, 2;
    %cmp/u;
    %jmp/1 T_0.3, 6;
    %dup/vec4;
    %pushi/vec4 2, 0, 2;
    %cmp/u;
    %jmp/1 T_0.4, 6;
    %dup/vec4;
    %pushi/vec4 3, 0, 2;
    %cmp/u;
    %jmp/1 T_0.5, 6;
    %load/vec4 v0x563d3d952ae0_0;
    %assign/vec4 v0x563d3d952ae0_0, 0;
    %jmp T_0.7;
T_0.2 ;
    %load/vec4 v0x563d3d952ae0_0;
    %assign/vec4 v0x563d3d952ae0_0, 0;
    %jmp T_0.7;
T_0.3 ;
    %load/vec4 v0x563d3d952ae0_0;
    %parti/s 4, 0, 2;
    %load/vec4 v0x563d3d952bc0_0;
    %concat/vec4; draw_concat_vec4
    %assign/vec4 v0x563d3d952ae0_0, 0;
    %jmp T_0.7;
T_0.4 ;
    %load/vec4 v0x563d3d952bc0_0;
    %load/vec4 v0x563d3d952ae0_0;
    %parti/s 4, 1, 2;
    %concat/vec4; draw_concat_vec4
    %assign/vec4 v0x563d3d952ae0_0, 0;
    %jmp T_0.7;
T_0.5 ;
    %load/vec4 v0x563d3d93e530_0;
    %assign/vec4 v0x563d3d952ae0_0, 0;
    %jmp T_0.7;
T_0.7 ;
    %pop/vec4 1;
T_0.1 ;
    %jmp T_0;
    .thread T_0;
    .scope S_0x563d3d902df0;
T_1 ;
    %vpi_call 2 24 "$dumpfile", "mi_modulo.vcd" {0 0 0};
    %vpi_call 2 25 "$dumpvars", 32'sb00000000000000000000000000000000, S_0x563d3d902df0 {0 0 0};
    %pushi/vec4 0, 0, 2;
    %store/vec4 v0x563d3d9534e0_0, 0, 2;
    %pushi/vec4 21, 0, 5;
    %store/vec4 v0x563d3d952fd0_0, 0, 5;
    %pushi/vec4 0, 0, 1;
    %store/vec4 v0x563d3d953280_0, 0, 1;
    %pushi/vec4 1, 0, 1;
    %store/vec4 v0x563d3d953440_0, 0, 1;
    %pushi/vec4 1, 0, 1;
    %store/vec4 v0x563d3d953180_0, 0, 1;
    %pushi/vec4 0, 0, 5;
    %store/vec4 v0x563d3d953350_0, 0, 5;
    %delay 10000, 0;
    %pushi/vec4 0, 0, 1;
    %store/vec4 v0x563d3d953440_0, 0, 1;
    %delay 5000, 0;
    %vpi_call 2 38 "$display", "Tiempo\011Valor del contador\011Reloj\011Reset" {0 0 0};
    %vpi_call 2 39 "$monitor", "%t\011%b\011\011\011%b\011%b", $time, v0x563d3d953350_0, v0x563d3d953280_0, v0x563d3d953440_0 {0 0 0};
    %vpi_call 2 40 "$finish" {0 0 0};
    %end;
    .thread T_1;
# The file index is used to find the file name in the following table.
:file_names 4;
    "N/A";
    "<interactive>";
    "testbench_universal.v";
    "universal_shift_register.v";
